2025-11-10 15:05:52,791 [INFO] progress: [progress] POST http://localhost:8000/api/feedback/progress/ed2bdee0-244f-48f6-b1c4-5293ef97810d body={"percent": 5, "stage": "received", "meta": {}, "status": "processing"} headers={'x-ml-secret': '***'}
2025-11-10 15:05:52,834 [INFO] progress: [progress] OK 201 POST http://localhost:8000/api/feedback/progress/ed2bdee0-244f-48f6-b1c4-5293ef97810d
2025-11-10 15:05:52,834 [INFO] progress: [progress] POST http://localhost:8000/api/feedback/progress/ed2bdee0-244f-48f6-b1c4-5293ef97810d body={"percent": 15, "stage": "extracting_main", "meta": {}, "status": "processing"} headers={'x-ml-secret': '***'}
2025-11-10 15:05:52,862 [INFO] progress: [progress] OK 201 POST http://localhost:8000/api/feedback/progress/ed2bdee0-244f-48f6-b1c4-5293ef97810d
2025-11-10 15:05:55,155 [INFO] progress: [progress] POST http://localhost:8000/api/feedback/progress/ed2bdee0-244f-48f6-b1c4-5293ef97810d body={"percent": 65, "stage": "prompting", "meta": {}, "status": "processing"} headers={'x-ml-secret': '***'}
2025-11-10 15:05:55,179 [INFO] progress: [progress] OK 201 POST http://localhost:8000/api/feedback/progress/ed2bdee0-244f-48f6-b1c4-5293ef97810d
2025-11-10 15:06:05,612 [INFO] progress: [progress] POST http://localhost:8000/api/feedback/progress/ed2bdee0-244f-48f6-b1c4-5293ef97810d body={"percent": 95, "stage": "finalizing", "meta": {}, "status": "processing"} headers={'x-ml-secret': '***'}
2025-11-10 15:06:05,653 [INFO] progress: [progress] OK 201 POST http://localhost:8000/api/feedback/progress/ed2bdee0-244f-48f6-b1c4-5293ef97810d
2025-11-10 15:06:05,693 [INFO] progress: [progress] POST http://localhost:8000/api/feedback/progress/ed2bdee0-244f-48f6-b1c4-5293ef97810d body={"percent": 100, "stage": "completed", "meta": {}, "status": "completed"} headers={'x-ml-secret': '***'}
2025-11-10 15:06:05,716 [INFO] progress: [progress] OK 201 POST http://localhost:8000/api/feedback/progress/ed2bdee0-244f-48f6-b1c4-5293ef97810d
2025-11-11 12:35:34,991 [INFO] progress: [progress] POST http://localhost:8000/api/feedback/progress/1407e6bf-c2ea-4f47-af2e-0acc174dd8f5 body={"percent": 5, "stage": "received", "meta": {}, "status": "processing"} headers={'x-ml-secret': '***'}
2025-11-11 12:35:35,036 [INFO] progress: [progress] OK 201 POST http://localhost:8000/api/feedback/progress/1407e6bf-c2ea-4f47-af2e-0acc174dd8f5
2025-11-11 12:35:35,037 [INFO] progress: [progress] POST http://localhost:8000/api/feedback/progress/1407e6bf-c2ea-4f47-af2e-0acc174dd8f5 body={"percent": 15, "stage": "extracting_main", "meta": {}, "status": "processing"} headers={'x-ml-secret': '***'}
2025-11-11 12:35:35,075 [INFO] progress: [progress] OK 201 POST http://localhost:8000/api/feedback/progress/1407e6bf-c2ea-4f47-af2e-0acc174dd8f5
2025-11-11 12:35:40,012 [INFO] progress: [progress] POST http://localhost:8000/api/feedback/progress/1407e6bf-c2ea-4f47-af2e-0acc174dd8f5 body={"percent": 65, "stage": "prompting", "meta": {}, "status": "processing"} headers={'x-ml-secret': '***'}
2025-11-11 12:35:40,064 [INFO] progress: [progress] OK 201 POST http://localhost:8000/api/feedback/progress/1407e6bf-c2ea-4f47-af2e-0acc174dd8f5
2025-11-11 12:35:52,103 [INFO] progress: [progress] POST http://localhost:8000/api/feedback/progress/1407e6bf-c2ea-4f47-af2e-0acc174dd8f5 body={"percent": 95, "stage": "finalizing", "meta": {}, "status": "processing"} headers={'x-ml-secret': '***'}
2025-11-11 12:35:52,161 [INFO] progress: [progress] OK 201 POST http://localhost:8000/api/feedback/progress/1407e6bf-c2ea-4f47-af2e-0acc174dd8f5
2025-11-11 12:35:52,223 [INFO] progress: [progress] POST http://localhost:8000/api/feedback/progress/1407e6bf-c2ea-4f47-af2e-0acc174dd8f5 body={"percent": 100, "stage": "completed", "meta": {}, "status": "completed"} headers={'x-ml-secret': '***'}
2025-11-11 12:35:52,247 [INFO] progress: [progress] OK 201 POST http://localhost:8000/api/feedback/progress/1407e6bf-c2ea-4f47-af2e-0acc174dd8f5
2025-11-11 13:17:04,153 [INFO] progress: [progress] POST http://localhost:8000/api/feedback/progress/607a1155-19ce-482f-8781-aee99e2584f7 body={"percent": 5, "stage": "received", "meta": {}, "status": "processing"} headers={'x-ml-secret': '***'}
2025-11-11 13:17:04,200 [INFO] progress: [progress] OK 201 POST http://localhost:8000/api/feedback/progress/607a1155-19ce-482f-8781-aee99e2584f7
2025-11-11 13:17:04,200 [INFO] progress: [progress] POST http://localhost:8000/api/feedback/progress/607a1155-19ce-482f-8781-aee99e2584f7 body={"percent": 15, "stage": "extracting_main", "meta": {}, "status": "processing"} headers={'x-ml-secret': '***'}
2025-11-11 13:17:04,235 [INFO] progress: [progress] OK 201 POST http://localhost:8000/api/feedback/progress/607a1155-19ce-482f-8781-aee99e2584f7
2025-11-11 13:17:30,758 [INFO] progress: [progress] POST http://localhost:8000/api/feedback/progress/607a1155-19ce-482f-8781-aee99e2584f7 body={"percent": 65, "stage": "prompting", "meta": {}, "status": "processing"} headers={'x-ml-secret': '***'}
2025-11-11 13:17:30,793 [INFO] progress: [progress] OK 201 POST http://localhost:8000/api/feedback/progress/607a1155-19ce-482f-8781-aee99e2584f7
2025-11-11 13:18:03,270 [INFO] progress: [progress] POST http://localhost:8000/api/feedback/progress/607a1155-19ce-482f-8781-aee99e2584f7 body={"percent": 95, "stage": "finalizing", "meta": {}, "status": "processing"} headers={'x-ml-secret': '***'}
2025-11-11 13:18:03,309 [INFO] progress: [progress] OK 201 POST http://localhost:8000/api/feedback/progress/607a1155-19ce-482f-8781-aee99e2584f7
2025-11-11 13:18:03,371 [INFO] progress: [progress] POST http://localhost:8000/api/feedback/progress/607a1155-19ce-482f-8781-aee99e2584f7 body={"percent": 100, "stage": "completed", "meta": {}, "status": "completed"} headers={'x-ml-secret': '***'}
2025-11-11 13:18:03,395 [INFO] progress: [progress] OK 201 POST http://localhost:8000/api/feedback/progress/607a1155-19ce-482f-8781-aee99e2584f7
2025-11-11 13:31:40,354 [INFO] progress: [progress] POST http://localhost:8000/api/feedback/progress/c86dc087-d845-4ae5-b425-bd38b4b6b7e6 body={"percent": 5, "stage": "received", "meta": {}, "status": "processing"} headers={'x-ml-secret': '***'}
2025-11-11 13:31:40,413 [INFO] progress: [progress] OK 201 POST http://localhost:8000/api/feedback/progress/c86dc087-d845-4ae5-b425-bd38b4b6b7e6
2025-11-11 13:31:40,413 [INFO] progress: [progress] POST http://localhost:8000/api/feedback/progress/c86dc087-d845-4ae5-b425-bd38b4b6b7e6 body={"percent": 15, "stage": "extracting_main", "meta": {}, "status": "processing"} headers={'x-ml-secret': '***'}
2025-11-11 13:31:40,453 [INFO] progress: [progress] OK 201 POST http://localhost:8000/api/feedback/progress/c86dc087-d845-4ae5-b425-bd38b4b6b7e6
2025-11-11 13:32:18,836 [INFO] progress: [progress] POST http://localhost:8000/api/feedback/progress/c86dc087-d845-4ae5-b425-bd38b4b6b7e6 body={"percent": 65, "stage": "prompting", "meta": {}, "status": "processing"} headers={'x-ml-secret': '***'}
2025-11-11 13:32:18,878 [INFO] progress: [progress] OK 201 POST http://localhost:8000/api/feedback/progress/c86dc087-d845-4ae5-b425-bd38b4b6b7e6
2025-11-11 13:32:35,858 [INFO] progress: [progress] POST http://localhost:8000/api/feedback/progress/c86dc087-d845-4ae5-b425-bd38b4b6b7e6 body={"percent": 95, "stage": "finalizing", "meta": {}, "status": "processing"} headers={'x-ml-secret': '***'}
2025-11-11 13:32:35,894 [INFO] progress: [progress] OK 201 POST http://localhost:8000/api/feedback/progress/c86dc087-d845-4ae5-b425-bd38b4b6b7e6
2025-11-11 13:32:35,974 [INFO] progress: [progress] POST http://localhost:8000/api/feedback/progress/c86dc087-d845-4ae5-b425-bd38b4b6b7e6 body={"percent": 100, "stage": "completed", "meta": {}, "status": "completed"} headers={'x-ml-secret': '***'}
2025-11-11 13:32:36,005 [INFO] progress: [progress] OK 201 POST http://localhost:8000/api/feedback/progress/c86dc087-d845-4ae5-b425-bd38b4b6b7e6
2025-11-11 13:51:59,015 [INFO] progress: [progress] POST http://localhost:8000/api/feedback/progress/1116b4f1-4320-4e03-a98d-0ac4c083af2e body={"percent": 5, "stage": "received", "meta": {}, "status": "processing"} headers={'x-ml-secret': '***'}
2025-11-11 13:51:59,061 [INFO] progress: [progress] OK 201 POST http://localhost:8000/api/feedback/progress/1116b4f1-4320-4e03-a98d-0ac4c083af2e
2025-11-11 13:51:59,062 [INFO] progress: [progress] POST http://localhost:8000/api/feedback/progress/1116b4f1-4320-4e03-a98d-0ac4c083af2e body={"percent": 15, "stage": "extracting_main", "meta": {}, "status": "processing"} headers={'x-ml-secret': '***'}
2025-11-11 13:51:59,099 [INFO] progress: [progress] OK 201 POST http://localhost:8000/api/feedback/progress/1116b4f1-4320-4e03-a98d-0ac4c083af2e
2025-11-11 13:52:30,079 [INFO] progress: [progress] POST http://localhost:8000/api/feedback/progress/1116b4f1-4320-4e03-a98d-0ac4c083af2e body={"percent": 65, "stage": "prompting", "meta": {}, "status": "processing"} headers={'x-ml-secret': '***'}
2025-11-11 13:52:30,113 [INFO] progress: [progress] OK 201 POST http://localhost:8000/api/feedback/progress/1116b4f1-4320-4e03-a98d-0ac4c083af2e
2025-11-11 13:52:43,280 [INFO] progress: [progress] POST http://localhost:8000/api/feedback/progress/1116b4f1-4320-4e03-a98d-0ac4c083af2e body={"percent": 95, "stage": "finalizing", "meta": {}, "status": "processing"} headers={'x-ml-secret': '***'}
2025-11-11 13:52:43,333 [INFO] progress: [progress] OK 201 POST http://localhost:8000/api/feedback/progress/1116b4f1-4320-4e03-a98d-0ac4c083af2e
2025-11-11 13:52:43,416 [INFO] progress: [progress] POST http://localhost:8000/api/feedback/progress/1116b4f1-4320-4e03-a98d-0ac4c083af2e body={"percent": 100, "stage": "completed", "meta": {}, "status": "completed"} headers={'x-ml-secret': '***'}
2025-11-11 13:52:43,446 [INFO] progress: [progress] OK 201 POST http://localhost:8000/api/feedback/progress/1116b4f1-4320-4e03-a98d-0ac4c083af2e
2025-11-12 16:01:04,975 [INFO] progress: [progress] POST http://localhost:8000/api/feedback/progress/65982c3e-21d3-4470-8682-619d32149e40 body={"percent": 5, "stage": "received", "meta": {}, "status": "processing"} headers={'x-ml-secret': '***'}
2025-11-12 16:01:05,018 [INFO] progress: [progress] OK 201 POST http://localhost:8000/api/feedback/progress/65982c3e-21d3-4470-8682-619d32149e40
2025-11-12 16:01:05,018 [INFO] progress: [progress] POST http://localhost:8000/api/feedback/progress/65982c3e-21d3-4470-8682-619d32149e40 body={"percent": 15, "stage": "extracting_main", "meta": {}, "status": "processing"} headers={'x-ml-secret': '***'}
2025-11-12 16:01:05,055 [INFO] progress: [progress] OK 201 POST http://localhost:8000/api/feedback/progress/65982c3e-21d3-4470-8682-619d32149e40
2025-11-12 16:01:47,221 [INFO] progress: [progress] POST http://localhost:8000/api/feedback/progress/65982c3e-21d3-4470-8682-619d32149e40 body={"percent": 65, "stage": "prompting", "meta": {}, "status": "processing"} headers={'x-ml-secret': '***'}
2025-11-12 16:01:47,289 [INFO] progress: [progress] OK 201 POST http://localhost:8000/api/feedback/progress/65982c3e-21d3-4470-8682-619d32149e40
2025-11-12 16:02:01,465 [INFO] progress: [progress] POST http://localhost:8000/api/feedback/progress/65982c3e-21d3-4470-8682-619d32149e40 body={"percent": 95, "stage": "finalizing", "meta": {}, "status": "processing"} headers={'x-ml-secret': '***'}
2025-11-12 16:02:01,494 [INFO] progress: [progress] OK 201 POST http://localhost:8000/api/feedback/progress/65982c3e-21d3-4470-8682-619d32149e40
2025-11-12 16:02:01,578 [INFO] progress: [progress] POST http://localhost:8000/api/feedback/progress/65982c3e-21d3-4470-8682-619d32149e40 body={"percent": 100, "stage": "completed", "meta": {}, "status": "completed"} headers={'x-ml-secret': '***'}
2025-11-12 16:02:01,609 [INFO] progress: [progress] OK 201 POST http://localhost:8000/api/feedback/progress/65982c3e-21d3-4470-8682-619d32149e40
2025-11-12 18:31:19,560 [INFO] progress: [progress] POST http://localhost:8000/api/feedback/progress/b72c10f4-ff30-42a9-9363-21849ff0fd56 body={"percent": 5, "stage": "received", "meta": {}, "status": "processing"} headers={'x-ml-secret': '***'}
2025-11-12 18:31:19,595 [INFO] progress: [progress] OK 201 POST http://localhost:8000/api/feedback/progress/b72c10f4-ff30-42a9-9363-21849ff0fd56
2025-11-12 18:31:19,596 [INFO] progress: [progress] POST http://localhost:8000/api/feedback/progress/b72c10f4-ff30-42a9-9363-21849ff0fd56 body={"percent": 15, "stage": "extracting_main", "meta": {}, "status": "processing"} headers={'x-ml-secret': '***'}
2025-11-12 18:31:19,622 [INFO] progress: [progress] OK 201 POST http://localhost:8000/api/feedback/progress/b72c10f4-ff30-42a9-9363-21849ff0fd56
2025-11-12 18:31:51,504 [INFO] progress: [progress] POST http://localhost:8000/api/feedback/progress/b72c10f4-ff30-42a9-9363-21849ff0fd56 body={"percent": 65, "stage": "prompting", "meta": {}, "status": "processing"} headers={'x-ml-secret': '***'}
2025-11-12 18:31:51,529 [INFO] progress: [progress] OK 201 POST http://localhost:8000/api/feedback/progress/b72c10f4-ff30-42a9-9363-21849ff0fd56
2025-11-12 18:32:05,665 [INFO] progress: [progress] POST http://localhost:8000/api/feedback/progress/b72c10f4-ff30-42a9-9363-21849ff0fd56 body={"percent": 95, "stage": "finalizing", "meta": {}, "status": "processing"} headers={'x-ml-secret': '***'}
2025-11-12 18:32:05,702 [INFO] progress: [progress] OK 201 POST http://localhost:8000/api/feedback/progress/b72c10f4-ff30-42a9-9363-21849ff0fd56
2025-11-12 18:32:05,759 [INFO] progress: [progress] POST http://localhost:8000/api/feedback/progress/b72c10f4-ff30-42a9-9363-21849ff0fd56 body={"percent": 100, "stage": "completed", "meta": {}, "status": "completed"} headers={'x-ml-secret': '***'}
2025-11-12 18:32:05,786 [INFO] progress: [progress] OK 201 POST http://localhost:8000/api/feedback/progress/b72c10f4-ff30-42a9-9363-21849ff0fd56
